Using pre-set license
Built from '2022.3/staging' branch; Version is '2022.3.21f1 (bf09ca542b87) revision 12519882'; Using compiler version '192829333'; Build Type 'Release'
OS: 'Windows 11  (10.0.22631) 64bit Core' Language: 'en' Physical Memory: 15734 MB
BatchMode: 1, IsHumanControllingUs: 0, StartBugReporterOnCrash: 0, Is64bit: 1, IsPro: 1

COMMAND LINE ARGUMENTS:
C:\Program Files\Unity\Hub\Editor\2022.3.21f1\Editor\Unity.exe
-adb2
-batchMode
-noUpm
-name
AssetImportWorker1
-projectPath
C:/Users/matta/CMPSC457_Final
-logFile
Logs/AssetImportWorker1.log
-srvPort
57505
Successfully changed project path to: C:/Users/matta/CMPSC457_Final
C:/Users/matta/CMPSC457_Final
[UnityMemory] Configuration Parameters - Can be set up in boot.config
    "memorysetup-bucket-allocator-granularity=16"
    "memorysetup-bucket-allocator-bucket-count=8"
    "memorysetup-bucket-allocator-block-size=33554432"
    "memorysetup-bucket-allocator-block-count=8"
    "memorysetup-main-allocator-block-size=16777216"
    "memorysetup-thread-allocator-block-size=16777216"
    "memorysetup-gfx-main-allocator-block-size=16777216"
    "memorysetup-gfx-thread-allocator-block-size=16777216"
    "memorysetup-cache-allocator-block-size=4194304"
    "memorysetup-typetree-allocator-block-size=2097152"
    "memorysetup-profiler-bucket-allocator-granularity=16"
    "memorysetup-profiler-bucket-allocator-bucket-count=8"
    "memorysetup-profiler-bucket-allocator-block-size=33554432"
    "memorysetup-profiler-bucket-allocator-block-count=8"
    "memorysetup-profiler-allocator-block-size=16777216"
    "memorysetup-profiler-editor-allocator-block-size=1048576"
    "memorysetup-temp-allocator-size-main=16777216"
    "memorysetup-job-temp-allocator-block-size=2097152"
    "memorysetup-job-temp-allocator-block-size-background=1048576"
    "memorysetup-job-temp-allocator-reduction-small-platforms=262144"
    "memorysetup-allocator-temp-initial-block-size-main=262144"
    "memorysetup-allocator-temp-initial-block-size-worker=262144"
    "memorysetup-temp-allocator-size-background-worker=32768"
    "memorysetup-temp-allocator-size-job-worker=262144"
    "memorysetup-temp-allocator-size-preload-manager=33554432"
    "memorysetup-temp-allocator-size-nav-mesh-worker=65536"
    "memorysetup-temp-allocator-size-audio-worker=65536"
    "memorysetup-temp-allocator-size-cloud-worker=32768"
    "memorysetup-temp-allocator-size-gi-baking-worker=262144"
    "memorysetup-temp-allocator-size-gfx=262144"
Player connection [32280] Host "[IP] 66.71.80.233 [Port] 0 [Flags] 2 [Guid] 2468848427 [EditorId] 2468848427 [Version] 1048832 [Id] WindowsEditor(7,LAPTOP-NFCHNDA3) [Debug] 1 [PackageName] WindowsEditor [ProjectName] Editor" joined multi-casting on [225.0.0.222:54997]...

Player connection [32280] Host "[IP] 66.71.80.233 [Port] 0 [Flags] 2 [Guid] 2468848427 [EditorId] 2468848427 [Version] 1048832 [Id] WindowsEditor(7,LAPTOP-NFCHNDA3) [Debug] 1 [PackageName] WindowsEditor [ProjectName] Editor" joined alternative multi-casting on [225.0.0.222:34997]...

[Physics::Module] Initialized MultithreadedJobDispatcher with 7 workers.
Refreshing native plugins compatible for Editor in 20.82 ms, found 3 plugins.
Preloading 0 native plugins for Editor in 0.00 ms.
Initialize engine version: 2022.3.21f1 (bf09ca542b87)
[Subsystems] Discovering subsystems at path C:/Program Files/Unity/Hub/Editor/2022.3.21f1/Editor/Data/Resources/UnitySubsystems
[Subsystems] Discovering subsystems at path C:/Users/matta/CMPSC457_Final/Assets
GfxDevice: creating device client; threaded=0; jobified=0
Direct3D:
    Version:  Direct3D 11.0 [level 11.1]
    Renderer: AMD Radeon(TM) Graphics (ID=0x1636)
    Vendor:   ATI
    VRAM:     7867 MB
    Driver:   27.20.11028.10001
Initialize mono
Mono path[0] = 'C:/Program Files/Unity/Hub/Editor/2022.3.21f1/Editor/Data/Managed'
Mono path[1] = 'C:/Program Files/Unity/Hub/Editor/2022.3.21f1/Editor/Data/MonoBleedingEdge/lib/mono/unityjit-win32'
Mono config path = 'C:/Program Files/Unity/Hub/Editor/2022.3.21f1/Editor/Data/MonoBleedingEdge/etc'
Using monoOptions --debugger-agent=transport=dt_socket,embedding=1,server=y,suspend=n,address=127.0.0.1:56432
Begin MonoManager ReloadAssembly
Registering precompiled unity dll's ...
Register platform support module: C:/Program Files/Unity/Hub/Editor/2022.3.21f1/Editor/Data/PlaybackEngines/WebGLSupport/UnityEditor.WebGL.Extensions.dll
Register platform support module: C:/Program Files/Unity/Hub/Editor/2022.3.21f1/Editor/Data/PlaybackEngines/WindowsStandaloneSupport/UnityEditor.WindowsStandalone.Extensions.dll
Registered in 0.015580 seconds.
- Loaded All Assemblies, in  0.494 seconds
Native extension for WindowsStandalone target not found
Native extension for WebGL target not found
Mono: successfully reloaded assembly
- Finished resetting the current domain, in  0.350 seconds
Domain Reload Profiling: 840ms
	BeginReloadAssembly (166ms)
		ExecutionOrderSort (0ms)
		DisableScriptedObjects (0ms)
		BackupInstance (0ms)
		ReleaseScriptingObjects (0ms)
		CreateAndSetChildDomain (1ms)
	RebuildCommonClasses (44ms)
	RebuildNativeTypeToScriptingClass (13ms)
	initialDomainReloadingComplete (85ms)
	LoadAllAssembliesAndSetupDomain (182ms)
		LoadAssemblies (162ms)
		RebuildTransferFunctionScriptingTraits (0ms)
		AnalyzeDomain (179ms)
			TypeCache.Refresh (177ms)
				TypeCache.ScanAssembly (160ms)
			ScanForSourceGeneratedMonoScriptInfo (0ms)
			ResolveRequiredComponents (1ms)
	FinalizeReload (351ms)
		ReleaseScriptCaches (0ms)
		RebuildScriptCaches (0ms)
		SetupLoadedEditorAssemblies (278ms)
			LogAssemblyErrors (0ms)
			InitializePlatformSupportModulesInManaged (14ms)
			SetLoadedEditorAssemblies (7ms)
			RefreshPlugins (0ms)
			BeforeProcessingInitializeOnLoad (2ms)
			ProcessInitializeOnLoadAttributes (194ms)
			ProcessInitializeOnLoadMethodAttributes (61ms)
			AfterProcessingInitializeOnLoad (0ms)
			EditorAssembliesLoaded (0ms)
		ExecutionOrderSort2 (0ms)
		AwakeInstancesAfterBackupRestoration (0ms)
========================================================================
Worker process is ready to serve import requests
Begin MonoManager ReloadAssembly
- Loaded All Assemblies, in  0.904 seconds
Refreshing native plugins compatible for Editor in 7.55 ms, found 3 plugins.
Native extension for WindowsStandalone target not found
Native extension for WebGL target not found
Mono: successfully reloaded assembly
- Finished resetting the current domain, in  0.885 seconds
Domain Reload Profiling: 1784ms
	BeginReloadAssembly (190ms)
		ExecutionOrderSort (0ms)
		DisableScriptedObjects (7ms)
		BackupInstance (0ms)
		ReleaseScriptingObjects (0ms)
		CreateAndSetChildDomain (27ms)
	RebuildCommonClasses (41ms)
	RebuildNativeTypeToScriptingClass (12ms)
	initialDomainReloadingComplete (59ms)
	LoadAllAssembliesAndSetupDomain (597ms)
		LoadAssemblies (467ms)
		RebuildTransferFunctionScriptingTraits (0ms)
		AnalyzeDomain (243ms)
			TypeCache.Refresh (199ms)
				TypeCache.ScanAssembly (180ms)
			ScanForSourceGeneratedMonoScriptInfo (30ms)
			ResolveRequiredComponents (11ms)
	FinalizeReload (886ms)
		ReleaseScriptCaches (0ms)
		RebuildScriptCaches (0ms)
		SetupLoadedEditorAssemblies (695ms)
			LogAssemblyErrors (0ms)
			InitializePlatformSupportModulesInManaged (11ms)
			SetLoadedEditorAssemblies (5ms)
			RefreshPlugins (0ms)
			BeforeProcessingInitializeOnLoad (91ms)
			ProcessInitializeOnLoadAttributes (488ms)
			ProcessInitializeOnLoadMethodAttributes (86ms)
			AfterProcessingInitializeOnLoad (14ms)
			EditorAssembliesLoaded (0ms)
		ExecutionOrderSort2 (0ms)
		AwakeInstancesAfterBackupRestoration (10ms)
Launched and connected shader compiler UnityShaderCompiler.exe after 0.11 seconds
Refreshing native plugins compatible for Editor in 8.83 ms, found 3 plugins.
Preloading 0 native plugins for Editor in 0.00 ms.
Unloading 5000 Unused Serialized files (Serialized files now loaded: 0)
Unloading 66 unused Assets / (351.0 KB). Loaded Objects now: 5492.
Memory consumption went from 223.3 MB to 223.0 MB.
Total: 4.594200 ms (FindLiveObjects: 0.553600 ms CreateObjectMapping: 0.261400 ms MarkObjects: 3.498300 ms  DeleteObjects: 0.279100 ms)

AssetImportParameters requested are different than current active one (requested -> active):
  custom:container-demuxer-ogg: 62fdf1f143b41e24485cea50d1cbac27 -> 
  custom:video-codec-MediaFoundation-h265: 746d11721c4dcdbdad8f713fa42b33f4 -> 
  custom:video-decoder-ogg-theora: a1e56fd34408186e4bbccfd4996cb3dc -> 
  custom:framework-win-MediaFoundation: 216162199b28c13a410421893ffa2e32 -> 
  custom:CustomObjectIndexerAttribute: 72b91833f83ae208fae7752999fa3104 -> 
  custom:container-demuxer-webm: 4f35f7cbe854078d1ac9338744f61a02 -> 
  custom:container-muxer-webm: aa71ff27fc2769a1b78a27578f13a17b -> 
  custom:video-decoder-webm-vp8: 9c59270c3fd7afecdb556c50c9e8de78 -> 
  custom:SearchIndexIgnoredProperties: e643bd26f0fe6173181afceb89e7c659 -> 
  custom:AudioImporter_EditorPlatform: d09bf68614088b80899f8185d706f6e7 -> 
  custom:video-encoder-webm-vp8: eb34c28f22e8b96e1ab97ce403110664 -> 
  custom:audio-decoder-ogg-vorbis: bf7c407c2cedff20999df2af8eb42d56 -> 
  custom:audio-encoder-webm-vorbis: bf7c407c2cedff20999df2af8eb42d56 -> 
========================================================================
Received Import Request.
  Time since last request: 164773.664050 seconds.
  path: Assets/Barmetler/Road System/Demo/Prefabs/Roads/Road 4-Lane.prefab
  artifactKey: Guid(4772468768a9b1e49b55b9f20cd8d6cc) Importer(815301076,1909f56bfc062723c751e8b465ee728b)
Start importing Assets/Barmetler/Road System/Demo/Prefabs/Roads/Road 4-Lane.prefab using Guid(4772468768a9b1e49b55b9f20cd8d6cc) Importer(815301076,1909f56bfc062723c751e8b465ee728b)  -> (artifact id: '3610e81d3a9bbb0ee44d2b94d096adde') in 0.051186 seconds
Number of updated asset objects reloaded before import = 0
Number of asset objects unloaded after import = 15
========================================================================
Received Import Request.
  Time since last request: 0.000056 seconds.
  path: Assets/Barmetler/Road System/Demo/Prefabs/Roads/Road 2-Lane Ground.prefab
  artifactKey: Guid(05f58740ddf6f854a9d8d8d0277b394d) Importer(815301076,1909f56bfc062723c751e8b465ee728b)
Start importing Assets/Barmetler/Road System/Demo/Prefabs/Roads/Road 2-Lane Ground.prefab using Guid(05f58740ddf6f854a9d8d8d0277b394d) Importer(815301076,1909f56bfc062723c751e8b465ee728b)  -> (artifact id: '70e0157d4d55c65bf8b94168e95060f8') in 0.004329 seconds
Number of updated asset objects reloaded before import = 0
Number of asset objects unloaded after import = 15
========================================================================
Received Import Request.
  Time since last request: 0.000031 seconds.
  path: Assets/Barmetler/Road System/Demo/Prefabs/Roads/Road 4-Lane Bridge.prefab
  artifactKey: Guid(041597e523e7aaf44ac392f49d57734e) Importer(815301076,1909f56bfc062723c751e8b465ee728b)
Start importing Assets/Barmetler/Road System/Demo/Prefabs/Roads/Road 4-Lane Bridge.prefab using Guid(041597e523e7aaf44ac392f49d57734e) Importer(815301076,1909f56bfc062723c751e8b465ee728b)  -> (artifact id: '1ca0b545a4658c76a79fa7bcd6c92428') in 0.003164 seconds
Number of updated asset objects reloaded before import = 0
Number of asset objects unloaded after import = 15
========================================================================
Received Import Request.
  Time since last request: 49.613815 seconds.
  path: Assets/Barmetler/Road System/Demo/Prefabs/Objects/End.prefab
  artifactKey: Guid(d420cf6537838074ab199ad917dc2136) Importer(815301076,1909f56bfc062723c751e8b465ee728b)
Start importing Assets/Barmetler/Road System/Demo/Prefabs/Objects/End.prefab using Guid(d420cf6537838074ab199ad917dc2136) Importer(815301076,1909f56bfc062723c751e8b465ee728b)  -> (artifact id: '74dfa3a26204d7c7105cecf6c3e6836b') in 0.344426 seconds
Number of updated asset objects reloaded before import = 0
Number of asset objects unloaded after import = 20
========================================================================
Received Import Request.
  Time since last request: 0.000048 seconds.
  path: Assets/Barmetler/Road System/Demo/Prefabs/Objects/Straight 4 Lane Bridge.prefab
  artifactKey: Guid(f7f9d660bbb09e84ab158d38eb695ecc) Importer(815301076,1909f56bfc062723c751e8b465ee728b)
Start importing Assets/Barmetler/Road System/Demo/Prefabs/Objects/Straight 4 Lane Bridge.prefab using Guid(f7f9d660bbb09e84ab158d38eb695ecc) Importer(815301076,1909f56bfc062723c751e8b465ee728b)  -> (artifact id: '5cf45554536b820f4a2a1197fb98e87e') in 0.085092 seconds
Number of updated asset objects reloaded before import = 0
Number of asset objects unloaded after import = 25
========================================================================
Received Import Request.
  Time since last request: 0.000043 seconds.
  path: Assets/Barmetler/Road System/Demo/Prefabs/Objects/Transition 2-4.prefab
  artifactKey: Guid(6b3b1bfe18f2a114c9fd84f0a9f03002) Importer(815301076,1909f56bfc062723c751e8b465ee728b)
Start importing Assets/Barmetler/Road System/Demo/Prefabs/Objects/Transition 2-4.prefab using Guid(6b3b1bfe18f2a114c9fd84f0a9f03002) Importer(815301076,1909f56bfc062723c751e8b465ee728b)  -> (artifact id: 'b00a5a8bd02286dc0353743dfc3be5ba') in 0.035980 seconds
Number of updated asset objects reloaded before import = 0
Number of asset objects unloaded after import = 19
========================================================================
Received Import Request.
  Time since last request: 0.000033 seconds.
  path: Assets/Barmetler/Road System/Demo/Prefabs/Objects/Intersection.prefab
  artifactKey: Guid(bfe413d00b5ac35449e7daf60a39b620) Importer(815301076,1909f56bfc062723c751e8b465ee728b)
Start importing Assets/Barmetler/Road System/Demo/Prefabs/Objects/Intersection.prefab using Guid(bfe413d00b5ac35449e7daf60a39b620) Importer(815301076,1909f56bfc062723c751e8b465ee728b)  -> (artifact id: '82f8a9a882123ffb6059d212e71909ac') in 0.033097 seconds
Number of updated asset objects reloaded before import = 0
Number of asset objects unloaded after import = 19
========================================================================
Received Import Request.
  Time since last request: 3.383007 seconds.
  path: Assets/Barmetler/Road System/Demo/Prefabs/Intersections/Intersection 3-Way Curved r=30m.prefab
  artifactKey: Guid(a4875ee1605f63c4fa930ffee0371b91) Importer(815301076,1909f56bfc062723c751e8b465ee728b)
Start importing Assets/Barmetler/Road System/Demo/Prefabs/Intersections/Intersection 3-Way Curved r=30m.prefab using Guid(a4875ee1605f63c4fa930ffee0371b91) Importer(815301076,1909f56bfc062723c751e8b465ee728b)  -> (artifact id: '341c0275ef3c254043c801efce8ab693') in 0.044193 seconds
Number of updated asset objects reloaded before import = 0
Number of asset objects unloaded after import = 38
========================================================================
Received Import Request.
  Time since last request: 0.000080 seconds.
  path: Assets/Barmetler/Road System/Demo/Prefabs/Intersections/Intersection Road Ground.prefab
  artifactKey: Guid(138712c3d79f27c47b9a733ee8c0fcd8) Importer(815301076,1909f56bfc062723c751e8b465ee728b)
Start importing Assets/Barmetler/Road System/Demo/Prefabs/Intersections/Intersection Road Ground.prefab using Guid(138712c3d79f27c47b9a733ee8c0fcd8) Importer(815301076,1909f56bfc062723c751e8b465ee728b)  -> (artifact id: '9262f280461d4fda0879ad3b18438695') in 0.038839 seconds
Number of updated asset objects reloaded before import = 0
Number of asset objects unloaded after import = 35
========================================================================
Received Import Request.
  Time since last request: 0.000030 seconds.
  path: Assets/Barmetler/Road System/Demo/Prefabs/Intersections/Intersection End.prefab
  artifactKey: Guid(c59d778336a0d4f4fbf7f92086d9c551) Importer(815301076,1909f56bfc062723c751e8b465ee728b)
Start importing Assets/Barmetler/Road System/Demo/Prefabs/Intersections/Intersection End.prefab using Guid(c59d778336a0d4f4fbf7f92086d9c551) Importer(815301076,1909f56bfc062723c751e8b465ee728b)  -> (artifact id: '7fed99914b47665c09dba44c2f7d9481') in 0.035122 seconds
Number of updated asset objects reloaded before import = 0
Number of asset objects unloaded after import = 32
========================================================================
Received Import Request.
  Time since last request: 0.000044 seconds.
  path: Assets/Barmetler/Road System/Demo/Prefabs/Intersections/Intersection Road 4-Lane Bridge.prefab
  artifactKey: Guid(070bc2339e9afb843aff483f80fc2abb) Importer(815301076,1909f56bfc062723c751e8b465ee728b)
Start importing Assets/Barmetler/Road System/Demo/Prefabs/Intersections/Intersection Road 4-Lane Bridge.prefab using Guid(070bc2339e9afb843aff483f80fc2abb) Importer(815301076,1909f56bfc062723c751e8b465ee728b)  -> (artifact id: '59e8a7dd9002944da715e10ad82f6aa5') in 0.042800 seconds
Number of updated asset objects reloaded before import = 0
Number of asset objects unloaded after import = 41
========================================================================
Received Import Request.
  Time since last request: 2.648617 seconds.
  path: Assets/Barmetler/Road System/Demo/Prefabs/Complex/Round-a-Bout r=30m 8-Way.prefab
  artifactKey: Guid(b5727b2519161644894c91b29cc1c130) Importer(815301076,1909f56bfc062723c751e8b465ee728b)
Start importing Assets/Barmetler/Road System/Demo/Prefabs/Complex/Round-a-Bout r=30m 8-Way.prefab using Guid(b5727b2519161644894c91b29cc1c130) Importer(815301076,1909f56bfc062723c751e8b465ee728b)  -> (artifact id: 'ef71c0e3d7863b1d5e523d316f7843b0') in 0.054256 seconds
Number of updated asset objects reloaded before import = 0
Number of asset objects unloaded after import = 247
